
> react-components-assignment@1.0.0 build-storybook
> storybook build --output-dir=C:\Users\Gamma\AppData\Local\Temp\chromatic--12364-qp2DXHA7Ld7l

[1m@storybook/core v8.6.14
[22m
info => Cleaning outputDir: [36m..\..\..\AppData\Local\Temp\chromatic--12364-qp2DXHA7Ld7l[39m
info => Loading presets
info => Building manager..
info => Manager built ([38;2;181;126;229m707 ms[39m)
info => Building preview..
info Using tsconfig paths for react-docgen
[36mvite v5.4.19 [32mbuilding for production...[36m[39m
transforming...
[32m✓[39m 133 modules transformed.
rendering chunks...
computing gzip size...
[2m../../../AppData/Local/Temp/chromatic--12364-qp2DXHA7Ld7l/[22m[32massets/context-C0qIqeS4.png               [39m[1m[2m  6.12 kB[22m[1m[22m
[2m../../../AppData/Local/Temp/chromatic--12364-qp2DXHA7Ld7l/[22m[32massets/styling-Bk6zjRzU.png               [39m[1m[2m  7.24 kB[22m[1m[22m
[2m../../../AppData/Local/Temp/chromatic--12364-qp2DXHA7Ld7l/[22m[32miframe.html                               [39m[1m[2m 17.79 kB[22m[1m[22m[2m │ gzip:   5.00 kB[22m
[2m../../../AppData/Local/Temp/chromatic--12364-qp2DXHA7Ld7l/[22m[32massets/docs---vsFbMi.png                  [39m[1m[2m 27.88 kB[22m[1m[22m
[2m../../../AppData/Local/Temp/chromatic--12364-qp2DXHA7Ld7l/[22m[32massets/share-DGA-UcQf.png                 [39m[1m[2m 40.77 kB[22m[1m[22m
[2m../../../AppData/Local/Temp/chromatic--12364-qp2DXHA7Ld7l/[22m[32massets/accessibility-W_h2acOZ.png         [39m[1m[2m 42.34 kB[22m[1m[22m
[2m../../../AppData/Local/Temp/chromatic--12364-qp2DXHA7Ld7l/[22m[32massets/figma-plugin-CH2hELiO.png          [39m[1m[2m 44.25 kB[22m[1m[22m
[2m../../../AppData/Local/Temp/chromatic--12364-qp2DXHA7Ld7l/[22m[32massets/theming-D6WJLNoW.png               [39m[1m[2m 44.37 kB[22m[1m[22m
[2m../../../AppData/Local/Temp/chromatic--12364-qp2DXHA7Ld7l/[22m[32massets/testing-cbzR9l9r.png               [39m[1m[2m 49.31 kB[22m[1m[22m
[2m../../../AppData/Local/Temp/chromatic--12364-qp2DXHA7Ld7l/[22m[32massets/addon-library-BWUCAmyN.png         [39m[1m[2m467.37 kB[22m[1m[22m
[2m../../../AppData/Local/Temp/chromatic--12364-qp2DXHA7Ld7l/[22m[35massets/DataTable-HmpzsuVW.css             [39m[1m[2m  0.20 kB[22m[1m[22m[2m │ gzip:   0.17 kB[22m
[2m../../../AppData/Local/Temp/chromatic--12364-qp2DXHA7Ld7l/[22m[35massets/Header-Ck-SSN7O.css                [39m[1m[2m  0.51 kB[22m[1m[22m[2m │ gzip:   0.30 kB[22m
[2m../../../AppData/Local/Temp/chromatic--12364-qp2DXHA7Ld7l/[22m[35massets/Button-B2efaGtC.css                [39m[1m[2m  0.52 kB[22m[1m[22m[2m │ gzip:   0.29 kB[22m
[2m../../../AppData/Local/Temp/chromatic--12364-qp2DXHA7Ld7l/[22m[35massets/Page-CeeQJVdd.css                  [39m[1m[2m  0.91 kB[22m[1m[22m[2m │ gzip:   0.39 kB[22m
[2m../../../AppData/Local/Temp/chromatic--12364-qp2DXHA7Ld7l/[22m[35massets/InputField-CNIEQf2S.css            [39m[1m[2m  1.23 kB[22m[1m[22m[2m │ gzip:   0.51 kB[22m
[2m../../../AppData/Local/Temp/chromatic--12364-qp2DXHA7Ld7l/[22m[36massets/preview-Co1vu7ev.js                [39m[1m[2m  0.12 kB[22m[1m[22m[2m │ gzip:   0.13 kB[22m
[2m../../../AppData/Local/Temp/chromatic--12364-qp2DXHA7Ld7l/[22m[36massets/preview-DR0u_BnN.js                [39m[1m[2m  0.17 kB[22m[1m[22m[2m │ gzip:   0.16 kB[22m
[2m../../../AppData/Local/Temp/chromatic--12364-qp2DXHA7Ld7l/[22m[36massets/preview-CvbIS5ZJ.js                [39m[1m[2m  0.18 kB[22m[1m[22m[2m │ gzip:   0.16 kB[22m
[2m../../../AppData/Local/Temp/chromatic--12364-qp2DXHA7Ld7l/[22m[36massets/index-ChEI-nsM.js                  [39m[1m[2m  0.42 kB[22m[1m[22m[2m │ gzip:   0.27 kB[22m
[2m../../../AppData/Local/Temp/chromatic--12364-qp2DXHA7Ld7l/[22m[36massets/chunk-XP5HYGXS-BpfKkqn7.js         [39m[1m[2m  0.71 kB[22m[1m[22m[2m │ gzip:   0.40 kB[22m
[2m../../../AppData/Local/Temp/chromatic--12364-qp2DXHA7Ld7l/[22m[36massets/preview-DGUiP6tS.js                [39m[1m[2m  0.71 kB[22m[1m[22m[2m │ gzip:   0.50 kB[22m
[2m../../../AppData/Local/Temp/chromatic--12364-qp2DXHA7Ld7l/[22m[36massets/index-DrFu-skq.js                  [39m[1m[2m  0.77 kB[22m[1m[22m[2m │ gzip:   0.47 kB[22m
[2m../../../AppData/Local/Temp/chromatic--12364-qp2DXHA7Ld7l/[22m[36massets/react-18-2zMCfgG4.js               [39m[1m[2m  0.80 kB[22m[1m[22m[2m │ gzip:   0.47 kB[22m
[2m../../../AppData/Local/Temp/chromatic--12364-qp2DXHA7Ld7l/[22m[36massets/Header.stories-NS7ndAsv.js         [39m[1m[2m  0.89 kB[22m[1m[22m[2m │ gzip:   0.47 kB[22m
[2m../../../AppData/Local/Temp/chromatic--12364-qp2DXHA7Ld7l/[22m[36massets/preview-V-5zKkV8.js                [39m[1m[2m  0.90 kB[22m[1m[22m[2m │ gzip:   0.57 kB[22m
[2m../../../AppData/Local/Temp/chromatic--12364-qp2DXHA7Ld7l/[22m[36massets/jsx-runtime-DiklIkkE.js            [39m[1m[2m  0.92 kB[22m[1m[22m[2m │ gzip:   0.58 kB[22m
[2m../../../AppData/Local/Temp/chromatic--12364-qp2DXHA7Ld7l/[22m[36massets/Button-BaTEwWet.js                 [39m[1m[2m  1.23 kB[22m[1m[22m[2m │ gzip:   0.60 kB[22m
[2m../../../AppData/Local/Temp/chromatic--12364-qp2DXHA7Ld7l/[22m[36massets/DocsRenderer-CFRXHY34-CGdjqW2U.js  [39m[1m[2m  1.31 kB[22m[1m[22m[2m │ gzip:   0.71 kB[22m
[2m../../../AppData/Local/Temp/chromatic--12364-qp2DXHA7Ld7l/[22m[36massets/Header-BOPe_Y98.js                 [39m[1m[2m  1.79 kB[22m[1m[22m[2m │ gzip:   0.78 kB[22m
[2m../../../AppData/Local/Temp/chromatic--12364-qp2DXHA7Ld7l/[22m[36massets/Button.stories-CbEv952B.js         [39m[1m[2m  1.81 kB[22m[1m[22m[2m │ gzip:   0.63 kB[22m
[2m../../../AppData/Local/Temp/chromatic--12364-qp2DXHA7Ld7l/[22m[36massets/preview-DD_OYowb.js                [39m[1m[2m  3.51 kB[22m[1m[22m[2m │ gzip:   1.69 kB[22m
[2m../../../AppData/Local/Temp/chromatic--12364-qp2DXHA7Ld7l/[22m[36massets/Page.stories-DRc74SZ1.js           [39m[1m[2m  3.59 kB[22m[1m[22m[2m │ gzip:   1.55 kB[22m
[2m../../../AppData/Local/Temp/chromatic--12364-qp2DXHA7Ld7l/[22m[36massets/DataTable.stories-CwixH8Sh.js      [39m[1m[2m  4.52 kB[22m[1m[22m[2m │ gzip:   1.70 kB[22m
[2m../../../AppData/Local/Temp/chromatic--12364-qp2DXHA7Ld7l/[22m[36massets/preview-B8lJiyuQ.js                [39m[1m[2m  5.06 kB[22m[1m[22m[2m │ gzip:   1.88 kB[22m
[2m../../../AppData/Local/Temp/chromatic--12364-qp2DXHA7Ld7l/[22m[36massets/InputField.stories-CN0Y5Iy1.js     [39m[1m[2m  5.27 kB[22m[1m[22m[2m │ gzip:   1.61 kB[22m
[2m../../../AppData/Local/Temp/chromatic--12364-qp2DXHA7Ld7l/[22m[36massets/index-DRjF_FHU.js                  [39m[1m[2m  7.35 kB[22m[1m[22m[2m │ gzip:   2.96 kB[22m
[2m../../../AppData/Local/Temp/chromatic--12364-qp2DXHA7Ld7l/[22m[36massets/preview-BWzBA1C2.js                [39m[1m[2m  7.62 kB[22m[1m[22m[2m │ gzip:   1.56 kB[22m
[2m../../../AppData/Local/Temp/chromatic--12364-qp2DXHA7Ld7l/[22m[36massets/preview-BBWR9nbA.js                [39m[1m[2m  8.12 kB[22m[1m[22m[2m │ gzip:   3.10 kB[22m
[2m../../../AppData/Local/Temp/chromatic--12364-qp2DXHA7Ld7l/[22m[36massets/test-utils-Cz8Y21vI.js             [39m[1m[2m 12.94 kB[22m[1m[22m[2m │ gzip:   5.03 kB[22m
[2m../../../AppData/Local/Temp/chromatic--12364-qp2DXHA7Ld7l/[22m[36massets/Configure-CLvwjkTk.js              [39m[1m[2m 25.84 kB[22m[1m[22m[2m │ gzip:  11.00 kB[22m
[2m../../../AppData/Local/Temp/chromatic--12364-qp2DXHA7Ld7l/[22m[36massets/Color-YHDXOIA2-D7eI7Dyf.js         [39m[1m[2m 29.29 kB[22m[1m[22m[2m │ gzip:  11.01 kB[22m
[2m../../../AppData/Local/Temp/chromatic--12364-qp2DXHA7Ld7l/[22m[36massets/entry-preview-B_GSmR40.js          [39m[1m[2m 29.76 kB[22m[1m[22m[2m │ gzip:   9.52 kB[22m
[2m../../../AppData/Local/Temp/chromatic--12364-qp2DXHA7Ld7l/[22m[36massets/index-D-Mha1DF.js                  [39m[1m[2m 57.14 kB[22m[1m[22m[2m │ gzip:  16.29 kB[22m
[2m../../../AppData/Local/Temp/chromatic--12364-qp2DXHA7Ld7l/[22m[36massets/index-B7ki2Uzk.js                  [39m[1m[2m133.96 kB[22m[1m[22m[2m │ gzip:  43.14 kB[22m
[2m../../../AppData/Local/Temp/chromatic--12364-qp2DXHA7Ld7l/[22m[36massets/iframe-D9qTgN0w.js                 [39m[1m[2m208.88 kB[22m[1m[22m[2m │ gzip:  71.97 kB[22m
[2m../../../AppData/Local/Temp/chromatic--12364-qp2DXHA7Ld7l/[22m[36massets/entry-preview-docs-CS87rPOt.js     [39m[1m[2m244.67 kB[22m[1m[22m[2m │ gzip:  73.41 kB[22m
[2m../../../AppData/Local/Temp/chromatic--12364-qp2DXHA7Ld7l/[22m[36massets/index-Do9byjsI.js                  [39m[1m[33m662.12 kB[39m[22m[2m │ gzip: 156.69 kB[22m
[2m../../../AppData/Local/Temp/chromatic--12364-qp2DXHA7Ld7l/[22m[36massets/index-3hLDdvVK.js                  [39m[1m[33m888.56 kB[39m[22m[2m │ gzip: 275.49 kB[22m
[32m✓ built in 10.62s[39m
info => Preview built ([38;2;181;126;229m12 s[39m)
info => Output directory: C:\Users\Gamma\AppData\Local\Temp\chromatic--12364-qp2DXHA7Ld7l
